     1                                  ; エントリーポイント
     2                                  
     3                                  BOOT_LOAD equ 0x7c00
     4                                  
     5                                  org BOOT_LOAD
     6                                  
     7                                  entry:
     8 00000000 EB58                        jmp ipl
     9                                  
    10                                      ; ---------
    11                                      ; BPB (BIOS Parameter Block)
    12                                      ; ---------
    13 00000002 90<rept>                    times 90 - ($ - $$) db 0x90
    14                                  
    15                                      ; ---------
    16                                      ; IPL(Initial Program Loader)
    17                                      ; --------- 
    18                                  
    19                                  ipl:
    20 0000005A FA                          cli
    21                                  
    22 0000005B B80000                      mov ax, 0x0000
    23 0000005E 8ED8                        mov ds, ax
    24 00000060 8EC0                        mov es, ax
    25 00000062 8ED0                        mov ss, ax
    26 00000064 BC007C                      mov sp, BOOT_LOAD ; スタックはブートローダーが読み込まれた場所から上に伸びていく
    27                                  
    28 00000067 FB                          sti
    29                                  
    30 00000068 8816[6E00]                  mov [BOOT.DRIVE], dl
    31                                  
    32 0000006C EBFE                        jmp $
    33                                  
    34                                  ALIGN 2, db 0
    35                                  BOOT: ; ブートドライブに関する情報
    36 0000006E 0000                        .DRIVE dw 0 ; ドライブ番号
    37                                  
    38                                  
    39 00000070 00<rept>                    times 510 - ($ - $$) db 0x00
    40 000001FE 55AA                        db 0x55, 0xaa
